[Licensing::Module] Trying to connect to existing licensing client channel...
[Licensing::IpcConnector] Connection attempt to the License Client on channel: "LicenseClient-psilo" failed because channel doesn't exist; code: "0x80000002"
[Licensing::Module] Successfully launched the LicensingClient (PId: 77368)
[Licensing::IpcConnector] Successfully connected to the License Client on channel: "LicenseClient-psilo"
[Licensing::Client] Handshaking with LicensingClient:
  Version:                 1.12.1+9338cad
  Session Id:              1cb35bb0e56141688c4123fadf7eadd5
  Correlation Id:          3696fcbd7eca4d942859bcfcd0b8abe1
  External correlation Id: 5448362569515542816
  Machine Id:              Fgp1OigaN/6ErgXo0K1Jls8gSnY=
[Licensing::Module] Successfully connected to LicensingClient on channel: "LicenseClient-psilo" (connect: 2.24s, validation: 0.08s, handshake: 1.99s)
[Licensing::IpcConnector] Successfully connected to the License Notification on channel: "LicenseClient-psilo-notifications"
[Licensing::Module] Connected to LicensingClient (PId: 77368, launch time: 0.01, total connection time: 4.31s)
Entitlement-based licensing initiated
[Licensing::Module] Error: Access token is unavailable; failed to update
[Licensing::Client] Successfully updated license
Built from '2021.3/staging' branch; Version is '2021.3.25f1 (68ef2c4f8861) revision 6876972'; Using compiler version '192829333'; Build Type 'Release'
OS: 'Windows 10  (10.0.19045) 64bit Professional' Language: 'ru' Physical Memory: 65476 MB
[Licensing::Client] Successfully resolved entitlements
[Licensing::Module] Serial number assigned to: "F4-QBQB-YSUK-HY7W-BQHD-XXXX"
BatchMode: 1, IsHumanControllingUs: 0, StartBugReporterOnCrash: 0, Is64bit: 1, IsPro: 0
[Package Manager] Server::Start -- Port 61399 was selected

COMMAND LINE ARGUMENTS:
D:\Unity\Editor\2021.3.25f1\Editor\Unity.exe
-batchmode
-quit
-projectPath
D:\repository\_SenseCapital\SenseTowerVR
-executeMethod
BatchGlbExport.ExportSceneToGlb
-scene
Assets\Scenes\TheEnterScene.unity
-outputDir
D:\projects\noah\research\exports-main-enter
-logFile
D:\projects\noah\research\exports-main-enter\unity-enterscene-export.log
Successfully changed project path to: D:\repository\_SenseCapital\SenseTowerVR
D:/Repository/_SenseCapital/SenseTowerVR
[UnityMemory] Configuration Parameters - Can be set up in boot.config
    "memorysetup-bucket-allocator-granularity=16"
    "memorysetup-bucket-allocator-bucket-count=8"
    "memorysetup-bucket-allocator-block-size=33554432"
    "memorysetup-bucket-allocator-block-count=8"
    "memorysetup-main-allocator-block-size=16777216"
    "memorysetup-thread-allocator-block-size=16777216"
    "memorysetup-gfx-main-allocator-block-size=16777216"
    "memorysetup-gfx-thread-allocator-block-size=16777216"
    "memorysetup-cache-allocator-block-size=4194304"
    "memorysetup-typetree-allocator-block-size=2097152"
    "memorysetup-profiler-bucket-allocator-granularity=16"
    "memorysetup-profiler-bucket-allocator-bucket-count=8"
    "memorysetup-profiler-bucket-allocator-block-size=33554432"
    "memorysetup-profiler-bucket-allocator-block-count=8"
    "memorysetup-profiler-allocator-block-size=16777216"
    "memorysetup-profiler-editor-allocator-block-size=1048576"
    "memorysetup-temp-allocator-size-main=16777216"
    "memorysetup-job-temp-allocator-block-size=2097152"
    "memorysetup-job-temp-allocator-block-size-background=1048576"
    "memorysetup-job-temp-allocator-reduction-small-platforms=262144"
    "memorysetup-temp-allocator-size-background-worker=32768"
    "memorysetup-temp-allocator-size-job-worker=262144"
    "memorysetup-temp-allocator-size-preload-manager=33554432"
    "memorysetup-temp-allocator-size-nav-mesh-worker=65536"
    "memorysetup-temp-allocator-size-audio-worker=65536"
    "memorysetup-temp-allocator-size-cloud-worker=32768"
    "memorysetup-temp-allocator-size-gi-baking-worker=262144"
    "memorysetup-temp-allocator-size-gfx=262144"
Player connection [44292] Host "[IP] 192.168.1.136 [Port] 55496 [Flags] 2 [Guid] 1339287573 [EditorId] 1339287573 [Version] 1048832 [Id] WindowsEditor(7,DESKTOP-292CS26) [Debug] 1 [PackageName] WindowsEditor [ProjectName] Editor" joined multi-casting on [225.0.0.222:54997]...

Player connection [44292] Host "[IP] 192.168.1.136 [Port] 55496 [Flags] 2 [Guid] 1339287573 [EditorId] 1339287573 [Version] 1048832 [Id] WindowsEditor(7,DESKTOP-292CS26) [Debug] 1 [PackageName] WindowsEditor [ProjectName] Editor" joined alternative multi-casting on [225.0.0.222:34997]...

[Licensing::Client] Successfully resolved entitlements
[Package Manager] Restoring resolved packages state from cache
[Licensing::Client] Successfully resolved entitlement details
[Package Manager] 
Registered 78 packages:
  Packages from [https://packages.unity.com]:
    com.unity.addressables@1.19.19 (location: D:\Repository\_SenseCapital\SenseTowerVR\Library\PackageCache\com.unity.addressables@1.19.19)
    com.unity.ai.navigation@1.0.0-exp.4 (location: D:\Repository\_SenseCapital\SenseTowerVR\Library\PackageCache\com.unity.ai.navigation@1.0.0-exp.4)
    com.unity.animation.rigging@1.1.1 (location: D:\Repository\_SenseCapital\SenseTowerVR\Library\PackageCache\com.unity.animation.rigging@1.1.1)
    com.unity.collab-proxy@2.0.4 (location: D:\Repository\_SenseCapital\SenseTowerVR\Library\PackageCache\com.unity.collab-proxy@2.0.4)
    com.unity.ide.rider@3.0.21 (location: D:\Repository\_SenseCapital\SenseTowerVR\Library\PackageCache\com.unity.ide.rider@3.0.21)
    com.unity.ide.visualstudio@2.0.22 (location: D:\Repository\_SenseCapital\SenseTowerVR\Library\PackageCache\com.unity.ide.visualstudio@2.0.22)
    com.unity.ide.vscode@1.2.5 (location: D:\Repository\_SenseCapital\SenseTowerVR\Library\PackageCache\com.unity.ide.vscode@1.2.5)
    com.unity.mobile.android-logcat@1.3.2 (location: D:\Repository\_SenseCapital\SenseTowerVR\Library\PackageCache\com.unity.mobile.android-logcat@1.3.2)
    com.unity.netcode.gameobjects@1.4.0 (location: D:\Repository\_SenseCapital\SenseTowerVR\Library\PackageCache\com.unity.netcode.gameobjects@1.4.0)
    com.unity.nuget.newtonsoft-json@3.2.1 (location: D:\Repository\_SenseCapital\SenseTowerVR\Library\PackageCache\com.unity.nuget.newtonsoft-json@3.2.1)
    com.unity.probuilder@5.0.7 (location: D:\Repository\_SenseCapital\SenseTowerVR\Library\PackageCache\com.unity.probuilder@5.0.7)
    com.unity.test-framework@1.1.31 (location: D:\Repository\_SenseCapital\SenseTowerVR\Library\PackageCache\com.unity.test-framework@1.1.31)
    com.unity.textmeshpro@3.0.6 (location: D:\Repository\_SenseCapital\SenseTowerVR\Library\PackageCache\com.unity.textmeshpro@3.0.6)
    com.unity.timeline@1.6.5 (location: D:\Repository\_SenseCapital\SenseTowerVR\Library\PackageCache\com.unity.timeline@1.6.5)
    com.unity.toolchain.win-x86_64-linux-x86_64@2.0.5 (location: D:\Repository\_SenseCapital\SenseTowerVR\Library\PackageCache\com.unity.toolchain.win-x86_64-linux-x86_64@2.0.5)
    com.unity.transport@1.3.4 (location: D:\Repository\_SenseCapital\SenseTowerVR\Library\PackageCache\com.unity.transport@1.3.4)
    com.unity.vectorgraphics@2.0.0-preview.20 (location: D:\Repository\_SenseCapital\SenseTowerVR\Library\PackageCache\com.unity.vectorgraphics@2.0.0-preview.20)
    com.unity.visualscripting@1.8.0 (location: D:\Repository\_SenseCapital\SenseTowerVR\Library\PackageCache\com.unity.visualscripting@1.8.0)
    com.unity.xr.interaction.toolkit@2.3.1 (location: D:\Repository\_SenseCapital\SenseTowerVR\Library\PackageCache\com.unity.xr.interaction.toolkit@2.3.1)
    com.unity.xr.management@4.3.3 (location: D:\Repository\_SenseCapital\SenseTowerVR\Library\PackageCache\com.unity.xr.management@4.3.3)
    com.unity.xr.oculus@3.3.0 (location: D:\Repository\_SenseCapital\SenseTowerVR\Library\PackageCache\com.unity.xr.oculus@3.3.0)
    com.unity.mathematics@1.2.6 (location: D:\Repository\_SenseCapital\SenseTowerVR\Library\PackageCache\com.unity.mathematics@1.2.6)
    com.unity.xr.legacyinputhelpers@2.1.10 (location: D:\Repository\_SenseCapital\SenseTowerVR\Library\PackageCache\com.unity.xr.legacyinputhelpers@2.1.10)
    com.unity.inputsystem@1.5.1 (location: D:\Repository\_SenseCapital\SenseTowerVR\Library\PackageCache\com.unity.inputsystem@1.5.1)
    com.unity.xr.core-utils@2.2.0 (location: D:\Repository\_SenseCapital\SenseTowerVR\Library\PackageCache\com.unity.xr.core-utils@2.2.0)
    com.unity.collections@1.2.4 (location: D:\Repository\_SenseCapital\SenseTowerVR\Library\PackageCache\com.unity.collections@1.2.4)
    com.unity.sysroot@2.0.6 (location: D:\Repository\_SenseCapital\SenseTowerVR\Library\PackageCache\com.unity.sysroot@2.0.6)
    com.unity.sysroot.linux-x86_64@2.0.5 (location: D:\Repository\_SenseCapital\SenseTowerVR\Library\PackageCache\com.unity.sysroot.linux-x86_64@2.0.5)
    com.unity.ext.nunit@1.0.6 (location: D:\Repository\_SenseCapital\SenseTowerVR\Library\PackageCache\com.unity.ext.nunit@1.0.6)
    com.unity.burst@1.8.4 (location: D:\Repository\_SenseCapital\SenseTowerVR\Library\PackageCache\com.unity.burst@1.8.4)
    com.unity.settings-manager@1.0.3 (location: D:\Repository\_SenseCapital\SenseTowerVR\Library\PackageCache\com.unity.settings-manager@1.0.3)
    com.unity.nuget.mono-cecil@1.10.1 (location: D:\Repository\_SenseCapital\SenseTowerVR\Library\PackageCache\com.unity.nuget.mono-cecil@1.10.1)
    com.unity.editorcoroutines@1.0.0 (location: D:\Repository\_SenseCapital\SenseTowerVR\Library\PackageCache\com.unity.editorcoroutines@1.0.0)
    com.unity.performance.profile-analyzer@1.2.2 (location: D:\Repository\_SenseCapital\SenseTowerVR\Library\PackageCache\com.unity.performance.profile-analyzer@1.2.2)
    com.unity.testtools.codecoverage@1.2.3 (location: D:\Repository\_SenseCapital\SenseTowerVR\Library\PackageCache\com.unity.testtools.codecoverage@1.2.3)
    com.unity.scriptablebuildpipeline@1.20.1 (location: D:\Repository\_SenseCapital\SenseTowerVR\Library\PackageCache\com.unity.scriptablebuildpipeline@1.20.1)
    com.unity.searcher@4.9.1 (location: D:\Repository\_SenseCapital\SenseTowerVR\Library\PackageCache\com.unity.searcher@4.9.1)
  Built-in packages:
    com.unity.2d.sprite@1.0.0 (location: D:\Repository\_SenseCapital\SenseTowerVR\Library\PackageCache\com.unity.2d.sprite@1.0.0)
    com.unity.2d.tilemap@1.0.0 (location: D:\Repository\_SenseCapital\SenseTowerVR\Library\PackageCache\com.unity.2d.tilemap@1.0.0)
    com.unity.feature.development@1.0.1 (location: D:\Repository\_SenseCapital\SenseTowerVR\Library\PackageCache\com.unity.feature.development@1.0.1)
    com.unity.render-pipelines.universal@12.1.11 (location: D:\Repository\_SenseCapital\SenseTowerVR\Library\PackageCache\com.unity.render-pipelines.universal@12.1.11)
    com.unity.ugui@1.0.0 (location: D:\Repository\_SenseCapital\SenseTowerVR\Library\PackageCache\com.unity.ugui@1.0.0)
    com.unity.modules.ai@1.0.0 (location: D:\Repository\_SenseCapital\SenseTowerVR\Library\PackageCache\com.unity.modules.ai@1.0.0)
    com.unity.modules.androidjni@1.0.0 (location: D:\Repository\_SenseCapital\SenseTowerVR\Library\PackageCache\com.unity.modules.androidjni@1.0.0)
    com.unity.modules.animation@1.0.0 (location: D:\Repository\_SenseCapital\SenseTowerVR\Library\PackageCache\com.unity.modules.animation@1.0.0)
    com.unity.modules.assetbundle@1.0.0 (location: D:\Repository\_SenseCapital\SenseTowerVR\Library\PackageCache\com.unity.modules.assetbundle@1.0.0)
    com.unity.modules.audio@1.0.0 (location: D:\Repository\_SenseCapital\SenseTowerVR\Library\PackageCache\com.unity.modules.audio@1.0.0)
    com.unity.modules.cloth@1.0.0 (location: D:\Repository\_SenseCapital\SenseTowerVR\Library\PackageCache\com.unity.modules.cloth@1.0.0)
    com.unity.modules.director@1.0.0 (location: D:\Repository\_SenseCapital\SenseTowerVR\Library\PackageCache\com.unity.modules.director@1.0.0)
    com.unity.modules.imageconversion@1.0.0 (location: D:\Repository\_SenseCapital\SenseTowerVR\Library\PackageCache\com.unity.modules.imageconversion@1.0.0)
    com.unity.modules.imgui@1.0.0 (location: D:\Repository\_SenseCapital\SenseTowerVR\Library\PackageCache\com.unity.modules.imgui@1.0.0)
    com.unity.modules.jsonserialize@1.0.0 (location: D:\Repository\_SenseCapital\SenseTowerVR\Library\PackageCache\com.unity.modules.jsonserialize@1.0.0)
    com.unity.modules.particlesystem@1.0.0 (location: D:\Repository\_SenseCapital\SenseTowerVR\Library\PackageCache\com.unity.modules.particlesystem@1.0.0)
    com.unity.modules.physics@1.0.0 (location: D:\Repository\_SenseCapital\SenseTowerVR\Library\PackageCache\com.unity.modules.physics@1.0.0)
    com.unity.modules.physics2d@1.0.0 (location: D:\Repository\_SenseCapital\SenseTowerVR\Library\PackageCache\com.unity.modules.physics2d@1.0.0)
    com.unity.modules.screencapture@1.0.0 (location: D:\Repository\_SenseCapital\SenseTowerVR\Library\PackageCache\com.unity.modules.screencapture@1.0.0)
    com.unity.modules.terrain@1.0.0 (location: D:\Repository\_SenseCapital\SenseTowerVR\Library\PackageCache\com.unity.modules.terrain@1.0.0)
    com.unity.modules.terrainphysics@1.0.0 (location: D:\Repository\_SenseCapital\SenseTowerVR\Library\PackageCache\com.unity.modules.terrainphysics@1.0.0)
    com.unity.modules.tilemap@1.0.0 (location: D:\Repository\_SenseCapital\SenseTowerVR\Library\PackageCache\com.unity.modules.tilemap@1.0.0)
    com.unity.modules.ui@1.0.0 (location: D:\Repository\_SenseCapital\SenseTowerVR\Library\PackageCache\com.unity.modules.ui@1.0.0)
    com.unity.modules.uielements@1.0.0 (location: D:\Repository\_SenseCapital\SenseTowerVR\Library\PackageCache\com.unity.modules.uielements@1.0.0)
    com.unity.modules.umbra@1.0.0 (location: D:\Repository\_SenseCapital\SenseTowerVR\Library\PackageCache\com.unity.modules.umbra@1.0.0)
    com.unity.modules.unityanalytics@1.0.0 (location: D:\Repository\_SenseCapital\SenseTowerVR\Library\PackageCache\com.unity.modules.unityanalytics@1.0.0)
    com.unity.modules.unitywebrequest@1.0.0 (location: D:\Repository\_SenseCapital\SenseTowerVR\Library\PackageCache\com.unity.modules.unitywebrequest@1.0.0)
    com.unity.modules.unitywebrequestassetbundle@1.0.0 (location: D:\Repository\_SenseCapital\SenseTowerVR\Library\PackageCache\com.unity.modules.unitywebrequestassetbundle@1.0.0)
    com.unity.modules.unitywebrequestaudio@1.0.0 (location: D:\Repository\_SenseCapital\SenseTowerVR\Library\PackageCache\com.unity.modules.unitywebrequestaudio@1.0.0)
    com.unity.modules.unitywebrequesttexture@1.0.0 (location: D:\Repository\_SenseCapital\SenseTowerVR\Library\PackageCache\com.unity.modules.unitywebrequesttexture@1.0.0)
    com.unity.modules.unitywebrequestwww@1.0.0 (location: D:\Repository\_SenseCapital\SenseTowerVR\Library\PackageCache\com.unity.modules.unitywebrequestwww@1.0.0)
    com.unity.modules.vehicles@1.0.0 (location: D:\Repository\_SenseCapital\SenseTowerVR\Library\PackageCache\com.unity.modules.vehicles@1.0.0)
    com.unity.modules.video@1.0.0 (location: D:\Repository\_SenseCapital\SenseTowerVR\Library\PackageC[Subsystems] Looking for new subsystems at path D:\Repository\_SenseCapital\SenseTowerVR\Library\PackageCache\com.unity.xr.oculus@3.3.0
[Subsystems] Novel subsystem found at Library/PackageCache/com.unity.xr.oculus@3.3.0/Runtime/UnitySubsystemsManifest.json
[Subsystems] Discovering subsystems at path D:/Unity/Editor/2021.3.25f1/Editor/Data/Resources/UnitySubsystems
[Subsystems] Discovering subsystems at path D:/Repository/_SenseCapital/SenseTowerVR/Assets
[Subsystems] Discovering subsystems at path D:\Repository\_SenseCapital\SenseTowerVR\Library\PackageCache\com.unity.xr.oculus@3.3.0
[Subsystems] No descriptors matched for  examples in Library/PackageCache/com.unity.xr.oculus@3.3.0/Runtime/UnitySubsystemsManifest.json.
[Subsystems] 1 'inputs' descriptors matched in Library/PackageCache/com.unity.xr.oculus@3.3.0/Runtime/UnitySubsystemsManifest.json
[Subsystems] 1 'displays' descriptors matched in Library/PackageCache/com.unity.xr.oculus@3.3.0/Runtime/UnitySubsystemsManifest.json
[Subsystems] No descriptors matched for  meshings in Library/PackageCache/com.unity.xr.oculus@3.3.0/Runtime/UnitySubsystemsManifest.json.
Package Manager log level set to [2]
[Package Manager] Done registering packages in 0.24s seconds
Refreshing native plugins compatible for Editor in 56.64 ms, found 23 plugins.
Preloading 2 native plugins for Editor in 5.76 ms.
Initialize engine version: 2021.3.25f1 (68ef2c4f8861)
[Subsystems] Discovering subsystems at path D:/Unity/Editor/2021.3.25f1/Editor/Data/Resources/UnitySubsystems
[Subsystems] Discovering subsystems at path D:/Repository/_SenseCapital/SenseTowerVR/Assets
[Subsystems] Discovering subsystems at path D:\Repository\_SenseCapital\SenseTowerVR\Library\PackageCache\com.unity.xr.oculus@3.3.0
[Subsystems] No descriptors matched for  examples in Library/PackageCache/com.unity.xr.oculus@3.3.0/Runtime/UnitySubsystemsManifest.json.
[Subsystems] 1 'inputs' descriptors matched in Library/PackageCache/com.unity.xr.oculus@3.3.0/Runtime/UnitySubsystemsManifest.json
[Subsystems] 1 'displays' descriptors matched in Library/PackageCache/com.unity.xr.oculus@3.3.0/Runtime/UnitySubsystemsManifest.json
[Subsystems] No descriptors matched for  meshings in Library/PackageCache/com.unity.xr.oculus@3.3.0/Runtime/UnitySubsystemsManifest.json.
GfxDevice: creating device client; threaded=0; jobified=0
Direct3D:
    Version:  Direct3D 11.0 [level 11.1]
    Renderer: NVIDIA GeForce GTX 1060 6GB (ID=0x1c03)
    Vendor:   NVIDIA
    VRAM:     6029 MB
    Driver:   32.0.15.6094
Shader 'Oculus/OVRMRCameraFrameLit': fallback shader 'Alpha-Diffuse' not found
[Licensing::Client] Successfully resolved entitlements
Initialize mono
Mono path[0] = 'D:/Unity/Editor/2021.3.25f1/Editor/Data/Managed'
Mono path[1] = 'D:/Unity/Editor/2021.3.25f1/Editor/Data/MonoBleedingEdge/lib/mono/unityjit-win32'
Mono config path = 'D:/Unity/Editor/2021.3.25f1/Editor/Data/MonoBleedingEdge/etc'
Using monoOptions --debugger-agent=transport=dt_socket,embedding=1,server=y,suspend=n,address=127.0.0.1:56924
Using cacheserver namespaces - metadata:defaultmetadata, artifacts:defaultartifacts
Using cacheserver namespaces - metadata:defaultmetadata, artifacts:defaultartifacts
ImportWorker Server TCP listen port: 0
AcceleratorClientConnectionCallback - disconnected - :0
Begin MonoManager ReloadAssembly
Registering precompiled unity dll's ...
[Licensing::Client] Successfully resolved entitlements
Register platform support module: D:/Unity/Editor/2021.3.25f1/Editor/Data/PlaybackEngines/AndroidPlayer/UnityEditor.Android.Extensions.dll
Register platform support module: D:/Unity/Editor/2021.3.25f1/Editor/Data/PlaybackEngines/WindowsStandaloneSupport/UnityEditor.WindowsStandalone.Extensions.dll
Register platform support module: D:/Unity/Editor/2021.3.25f1/Editor/Data/PlaybackEngines/LinuxStandaloneSupport/UnityEditor.LinuxStandalone.Extensions.dll
Registered in 0.020706 seconds.
Native extension for LinuxStandalone target not found
Native extension for WindowsStandalone target not found
Native extension for Android target not found
Android Extension - Scanning For ADB Devices 543 ms
Refreshing native plugins compatible for Editor in 13.95 ms, found 23 plugins.
Preloading 2 native plugins for Editor in 0.11 ms.
Mono: successfully reloaded assembly
- Completed reload, in  1.366 seconds
Domain Reload Profiling:
	ReloadAssembly (1367ms)
		BeginReloadAssembly (103ms)
			ExecutionOrderSort (0ms)
			DisableScriptedObjects (0ms)
			BackupInstance (0ms)
			ReleaseScriptingObjects (0ms)
			CreateAndSetChildDomain (1ms)
		EndReloadAssembly (1135ms)
			LoadAssemblies (101ms)
			RebuildTransferFunctionScriptingTraits (0ms)
			SetupTypeCache (146ms)
			ReleaseScriptCaches (0ms)
			RebuildScriptCaches (40ms)
			SetupLoadedEditorAssemblies (872ms)
				LogAssemblyErrors (0ms)
				InitializePlatformSupportModulesInManaged (655ms)
				SetLoadedEditorAssemblies (0ms)
				RefreshPlugins (14ms)
				BeforeProcessingInitializeOnLoad (2ms)
				ProcessInitializeOnLoadAttributes (142ms)
				ProcessInitializeOnLoadMethodAttributes (59ms)
				AfterProcessingInitializeOnLoad (0ms)
				EditorAssembliesLoaded (0ms)
			ExecutionOrderSort2 (0ms)
			AwakeInstancesAfterBackupRestoration (0ms)
Platform modules already initialized, skipping
[Licensing::Client] Successfully resolved entitlements
Application.AssetDatabase Initial Refresh Start
Registering precompiled user dll's ...
Registered in 0.031969 seconds.
Starting: D:\Unity\Editor\2021.3.25f1\Editor\Data\bee_backend.exe --profile="Library/Bee/backend_profiler0.traceevents" --stdin-canary --dagfile="Library/Bee/1900b0aEDbg.dag" --continue-on-failure ScriptAssemblies
WorkingDir: D:/Repository/_SenseCapital/SenseTowerVR
ExitCode: 0 Duration: 0s800ms
*** Tundra build success (0.33 seconds), 0 items updated, 1684 evaluated
AssetDatabase: script compilation time: 2.038805s
Begin MonoManager ReloadAssembly
Symbol file LoadedFromMemory doesn't match image D:\Repository\_SenseCapital\SenseTowerVR\Library\PackageCache\com.unity.visualscripting@1.8.0\Editor\VisualScripting.Core\Dependencies\DotNetZip\Unity.VisualScripting.IonicZip.dll
Symbol file LoadedFromMemory is not a mono symbol file
Symbol file LoadedFromMemory doesn't match image D:\Repository\_SenseCapital\SenseTowerVR\Library\PackageCache\com.unity.visualscripting@1.8.0\Editor\VisualScripting.Core\Dependencies\YamlDotNet\Unity.VisualScripting.YamlDotNet.dll
Native extension for LinuxStandalone target not found
Native extension for WindowsStandalone target not found
Native extension for Android target not found
Refreshing native plugins compatible for Editor in 313.36 ms, found 23 plugins.
Preloading 2 native plugins for Editor in 0.12 ms.
[XR] OculusXRPlugin: registering subsystems
[Subsystems] OculusXRPlugin successfully registered Provider for oculus display
[XR] Oculus Input lifecycle provider registered.
[Subsystems] OculusXRPlugin successfully registered Provider for oculus input
[Subsystems] OculusXRPlugin successfully registered Provider for oculus display
[XR] OVRP version 1.85.0
Mono: successfully reloaded assembly
- Completed reload, in 23.153 seconds
Domain Reload Profiling:
	ReloadAssembly (23154ms)
		BeginReloadAssembly (244ms)
			ExecutionOrderSort (0ms)
			DisableScriptedObjects (10ms)
			BackupInstance (0ms)
			ReleaseScriptingObjects (1ms)
			CreateAndSetChildDomain (43ms)
		EndReloadAssembly (22748ms)
			LoadAssemblies (242ms)
			RebuildTransferFunctionScriptingTraits (0ms)
			SetupTypeCache (930ms)
			ReleaseScriptCaches (2ms)
			RebuildScriptCaches (237ms)
			SetupLoadedEditorAssemblies (21223ms)
				LogAssemblyErrors (0ms)
				InitializePlatformSupportModulesInManaged (31ms)
				SetLoadedEditorAssemblies (0ms)
				RefreshPlugins (314ms)
				BeforeProcessingInitializeOnLoad (266ms)
				ProcessInitializeOnLoadAttributes (20449ms)
				ProcessInitializeOnLoadMethodAttributes (155ms)
				AfterProcessingInitializeOnLoad (7ms)
				EditorAssembliesLoaded (0ms)
			ExecutionOrderSort2 (0ms)
			AwakeInstancesAfterBackupRestoration (13ms)
Platform modules already initialized, skipping
Registering precompiled user dll's ...
Registered in 0.031007 seconds.
Asset Pipeline Refresh: Total: 31.952 seconds - Initiated by InitialRefreshV2(ForceSynchronousImport)
	Summary:
		Imports: total=0 (actual=0, local cache=0, cache server=0)
		Asset DB Process Time: managed=0 ms, native=1649 ms
		Asset DB Callback time: managed=101 ms, native=0 ms
		Scripting: domain reloads=1, domain reload time=24268 ms, compile time=2041 ms, other=3891 ms
		Project Asset Count: scripts=14208, non-scripts=7927
		Asset File Changes: new=0, changed=0, moved=0, deleted=0
		Scan Filter Count: 1
	InvokeBeforeRefreshCallbacks: 0.471ms
	ApplyChangesToAssetFolders: 0.073ms
	Scan: 544.228ms
	OnSourceAssetsModified: 0.000ms
	InitializeImportedAssetsSnapshot: 30.917ms
	GetAllGuidsForCategorization: 4.073ms
	CategorizeAssets: 795.557ms
	ImportOutOfDateAssets: 30353.924ms (28297.163ms without children)
		CompileScripts: 2040.544ms
		EnsureUptoDateAssetsAreRegisteredWithGuidPM: 9.737ms
		InitializingProgressBar: 0.005ms
		PostProcessAllAssetNotificationsAddChangedAssets: 3.535ms
		OnDemandSchedulerStart: 2.938ms
	ReloadSourceAssets: 2.868ms
	UnloadImportedAssets: 97.391ms
	PostProcessAllAssets: 101.956ms
	GatherAllCurrentPrimaryArtifactRevisions: 0.000ms
	UnloadStreamsBegin: 3.478ms
	LoadedImportedAssetsSnapshotReleaseGCHandles: 6.410ms
	GetLoadedSourceAssetsSnapshot: 4.498ms
	PersistCurrentRevisions: 2.052ms
	UnloadStreamsEnd: 0.106ms
	GenerateScriptTypeHashes: 42.468ms
	Untracked: 106.308ms
Application.AssetDatabase Initial Refresh End
Shader 'Oculus/OVRMRCameraFrameLit': fallback shader 'Alpha-Diffuse' not found
Launched and connected shader compiler UnityShaderCompiler.exe after 0.17 seconds
Scanning for USB devices : 43.559ms
Initializing Unity extensions:
[MODES] ModeService[none].Initialize
[MODES] ModeService[none].LoadModes
[MODES] Loading mode Default (0) for mode-current-id-SenseTower
ProgressiveSceneManager::Cancel()
Unloading 1442 Unused Serialized files (Serialized files now loaded: 0)
Unloading 1600 unused Assets / (0.9 MB). Loaded Objects now: 11657.
Memory consumption went from 313.2 MB to 312.3 MB.
Total: 9.732100 ms (FindLiveObjects: 1.594300 ms CreateObjectMapping: 2.103600 ms MarkObjects: 5.430100 ms  DeleteObjects: 0.602500 ms)

Opening scene 'Assets/Scenes/TheEnterScene.unity'
Unloading 13 Unused Serialized files (Serialized files now loaded: 0)
[Licensing::Client] Successfully resolved entitlements
Loaded scene 'Assets/Scenes/TheEnterScene.unity'
	Deserialize:            404.682 ms
	Integration:            1885.802 ms
	Integration of assets:  40.949 ms
	Thread Wait Time:       -0.003 ms
	Total Operation Time:   2331.430 ms
Unloading 3 unused Assets / (0.7 KB). Loaded Objects now: 23917.
Memory consumption went from 358.6 MB to 358.6 MB.
Total: 20.105700 ms (FindLiveObjects: 2.013100 ms CreateObjectMapping: 1.985700 ms MarkObjects: 16.055600 ms  DeleteObjects: 0.050200 ms)

Material 'kresla' with Shader 'Shader Graphs/Lightmapped' doesn't have a texture property '_Emission'
UnityEngine.StackTraceUtility:ExtractStackTrace ()
UnityEngine.Material:GetTexture (string)
BatchGlbExport:ConvertExportMaterials () (at Assets/Editor/BatchGlbExport.cs:182)
BatchGlbExport:ExportSceneToGlb () (at Assets/Editor/BatchGlbExport.cs:78)

[Assets/Editor/BatchGlbExport.cs line 182]

Material 'Teleport_ColorRamp' with Shader 'Shader Graphs/ColorRamp' doesn't have a texture property '_BaseMap'
UnityEngine.StackTraceUtility:ExtractStackTrace ()
UnityEngine.Material:GetTexture (string)
BatchGlbExport:ConvertExportMaterials () (at Assets/Editor/BatchGlbExport.cs:176)
BatchGlbExport:ExportSceneToGlb () (at Assets/Editor/BatchGlbExport.cs:78)

[Assets/Editor/BatchGlbExport.cs line 176]

Material 'Teleport_ColorRamp' with Shader 'Shader Graphs/ColorRamp' doesn't have a texture property '_Diffuse'
UnityEngine.StackTraceUtility:ExtractStackTrace ()
UnityEngine.Material:GetTexture (string)
BatchGlbExport:ConvertExportMaterials () (at Assets/Editor/BatchGlbExport.cs:176)
BatchGlbExport:ExportSceneToGlb () (at Assets/Editor/BatchGlbExport.cs:78)

[Assets/Editor/BatchGlbExport.cs line 176]

Material 'Teleport_ColorRamp' with Shader 'Shader Graphs/ColorRamp' doesn't have a texture property '_MainTex'
UnityEngine.StackTraceUtility:ExtractStackTrace ()
UnityEngine.Material:GetTexture (string)
BatchGlbExport:ConvertExportMaterials () (at Assets/Editor/BatchGlbExport.cs:176)
BatchGlbExport:ExportSceneToGlb () (at Assets/Editor/BatchGlbExport.cs:78)

[Assets/Editor/BatchGlbExport.cs line 176]

Material 'Teleport_ColorRamp' with Shader 'Shader Graphs/ColorRamp' doesn't have a texture property '_Normal_Map'
UnityEngine.StackTraceUtility:ExtractStackTrace ()
UnityEngine.Material:GetTexture (string)
BatchGlbExport:ConvertExportMaterials () (at Assets/Editor/BatchGlbExport.cs:179)
BatchGlbExport:ExportSceneToGlb () (at Assets/Editor/BatchGlbExport.cs:78)

[Assets/Editor/BatchGlbExport.cs line 179]

Material 'Teleport_ColorRamp' with Shader 'Shader Graphs/ColorRamp' doesn't have a texture property '_BumpMap'
UnityEngine.StackTraceUtility:ExtractStackTrace ()
UnityEngine.Material:GetTexture (string)
BatchGlbExport:ConvertExportMaterials () (at Assets/Editor/BatchGlbExport.cs:179)
BatchGlbExport:ExportSceneToGlb () (at Assets/Editor/BatchGlbExport.cs:78)

[Assets/Editor/BatchGlbExport.cs line 179]

Material 'Teleport_ColorRamp' with Shader 'Shader Graphs/ColorRamp' doesn't have a texture property '_AO'
UnityEngine.StackTraceUtility:ExtractStackTrace ()
UnityEngine.Material:GetTexture (string)
BatchGlbExport:ConvertExportMaterials () (at Assets/Editor/BatchGlbExport.cs:181)
BatchGlbExport:ExportSceneToGlb () (at Assets/Editor/BatchGlbExport.cs:78)

[Assets/Editor/BatchGlbExport.cs line 181]

Material 'Teleport_ColorRamp' with Shader 'Shader Graphs/ColorRamp' doesn't have a texture property '_EmissionMap'
UnityEngine.StackTraceUtility:ExtractStackTrace ()
UnityEngine.Material:GetTexture (string)
BatchGlbExport:ConvertExportMaterials () (at Assets/Editor/BatchGlbExport.cs:182)
BatchGlbExport:ExportSceneToGlb () (at Assets/Editor/BatchGlbExport.cs:78)

[Assets/Editor/BatchGlbExport.cs line 182]

Material 'Teleport_ColorRamp' with Shader 'Shader Graphs/ColorRamp' doesn't have a texture property '_Emission'
UnityEngine.StackTraceUtility:ExtractStackTrace ()
UnityEngine.Material:GetTexture (string)
BatchGlbExport:ConvertExportMaterials () (at Assets/Editor/BatchGlbExport.cs:182)
BatchGlbExport:ExportSceneToGlb () (at Assets/Editor/BatchGlbExport.cs:78)

[Assets/Editor/BatchGlbExport.cs line 182]

Material 'Teleport_ColorRamp' with Shader 'Shader Graphs/ColorRamp' doesn't have a texture property '_EmissionMap'
UnityEngine.StackTraceUtility:ExtractStackTrace ()
UnityEngine.Material:GetTexture (string)
BatchGlbExport:ConvertExportMaterials () (at Assets/Editor/BatchGlbExport.cs:241)
BatchGlbExport:ExportSceneToGlb () (at Assets/Editor/BatchGlbExport.cs:78)

[Assets/Editor/BatchGlbExport.cs line 241]

Material 'Teleport_ColorRamp' with Shader 'Shader Graphs/ColorRamp' doesn't have a texture property '_BaseMap'
UnityEngine.StackTraceUtility:ExtractStackTrace ()
UnityEngine.Material:GetTexture (string)
BatchGlbExport:ConvertExportMaterials () (at Assets/Editor/BatchGlbExport.cs:176)
BatchGlbExport:ExportSceneToGlb () (at Assets/Editor/BatchGlbExport.cs:78)

[Assets/Editor/BatchGlbExport.cs line 176]

Material 'Teleport_ColorRamp' with Shader 'Shader Graphs/ColorRamp' doesn't have a texture property '_Diffuse'
UnityEngine.StackTraceUtility:ExtractStackTrace ()
UnityEngine.Material:GetTexture (string)
BatchGlbExport:ConvertExportMaterials () (at Assets/Editor/BatchGlbExport.cs:176)
BatchGlbExport:ExportSceneToGlb () (at Assets/Editor/BatchGlbExport.cs:78)

[Assets/Editor/BatchGlbExport.cs line 176]

Material 'Teleport_ColorRamp' with Shader 'Shader Graphs/ColorRamp' doesn't have a texture property '_MainTex'
UnityEngine.StackTraceUtility:ExtractStackTrace ()
UnityEngine.Material:GetTexture (string)
BatchGlbExport:ConvertExportMaterials () (at Assets/Editor/BatchGlbExport.cs:176)
BatchGlbExport:ExportSceneToGlb () (at Assets/Editor/BatchGlbExport.cs:78)

[Assets/Editor/BatchGlbExport.cs line 176]

Material 'Teleport_ColorRamp' with Shader 'Shader Graphs/ColorRamp' doesn't have a texture property '_Normal_Map'
UnityEngine.StackTraceUtility:ExtractStackTrace ()
UnityEngine.Material:GetTexture (string)
BatchGlbExport:ConvertExportMaterials () (at Assets/Editor/BatchGlbExport.cs:179)
BatchGlbExport:ExportSceneToGlb () (at Assets/Editor/BatchGlbExport.cs:78)

[Assets/Editor/BatchGlbExport.cs line 179]

Material 'Teleport_ColorRamp' with Shader 'Shader Graphs/ColorRamp' doesn't have a texture property '_BumpMap'
UnityEngine.StackTraceUtility:ExtractStackTrace ()
UnityEngine.Material:GetTexture (string)
BatchGlbExport:ConvertExportMaterials () (at Assets/Editor/BatchGlbExport.cs:179)
BatchGlbExport:ExportSceneToGlb () (at Assets/Editor/BatchGlbExport.cs:78)

[Assets/Editor/BatchGlbExport.cs line 179]

Material 'Teleport_ColorRamp' with Shader 'Shader Graphs/ColorRamp' doesn't have a texture property '_AO'
UnityEngine.StackTraceUtility:ExtractStackTrace ()
UnityEngine.Material:GetTexture (string)
BatchGlbExport:ConvertExportMaterials () (at Assets/Editor/BatchGlbExport.cs:181)
BatchGlbExport:ExportSceneToGlb () (at Assets/Editor/BatchGlbExport.cs:78)

[Assets/Editor/BatchGlbExport.cs line 181]

Material 'Teleport_ColorRamp' with Shader 'Shader Graphs/ColorRamp' doesn't have a texture property '_EmissionMap'
UnityEngine.StackTraceUtility:ExtractStackTrace ()
UnityEngine.Material:GetTexture (string)
BatchGlbExport:ConvertExportMaterials () (at Assets/Editor/BatchGlbExport.cs:182)
BatchGlbExport:ExportSceneToGlb () (at Assets/Editor/BatchGlbExport.cs:78)

[Assets/Editor/BatchGlbExport.cs line 182]

Material 'Teleport_ColorRamp' with Shader 'Shader Graphs/ColorRamp' doesn't have a texture property '_Emission'
UnityEngine.StackTraceUtility:ExtractStackTrace ()
UnityEngine.Material:GetTexture (string)
BatchGlbExport:ConvertExportMaterials () (at Assets/Editor/BatchGlbExport.cs:182)
BatchGlbExport:ExportSceneToGlb () (at Assets/Editor/BatchGlbExport.cs:78)

[Assets/Editor/BatchGlbExport.cs line 182]

Material 'Teleport_ColorRamp' with Shader 'Shader Graphs/ColorRamp' doesn't have a texture property '_EmissionMap'
UnityEngine.StackTraceUtility:ExtractStackTrace ()
UnityEngine.Material:GetTexture (string)
BatchGlbExport:ConvertExportMaterials () (at Assets/Editor/BatchGlbExport.cs:241)
BatchGlbExport:ExportSceneToGlb () (at Assets/Editor/BatchGlbExport.cs:78)

[Assets/Editor/BatchGlbExport.cs line 241]

Material 'marble_small_table' with Shader 'Shader Graphs/Lightmapped' doesn't have a texture property '_Emission'
UnityEngine.StackTraceUtility:ExtractStackTrace ()
UnityEngine.Material:GetTexture (string)
BatchGlbExport:ConvertExportMaterials () (at Assets/Editor/BatchGlbExport.cs:182)
BatchGlbExport:ExportSceneToGlb () (at Assets/Editor/BatchGlbExport.cs:78)

[Assets/Editor/BatchGlbExport.cs line 182]

Material 'Teleport_ColorRamp' with Shader 'Shader Graphs/ColorRamp' doesn't have a texture property '_BaseMap'
UnityEngine.StackTraceUtility:ExtractStackTrace ()
UnityEngine.Material:GetTexture (string)
BatchGlbExport:ConvertExportMaterials () (at Assets/Editor/BatchGlbExport.cs:176)
BatchGlbExport:ExportSceneToGlb () (at Assets/Editor/BatchGlbExport.cs:78)

[Assets/Editor/BatchGlbExport.cs line 176]

Material 'Teleport_ColorRamp' with Shader 'Shader Graphs/ColorRamp' doesn't have a texture property '_Diffuse'
UnityEngine.StackTraceUtility:ExtractStackTrace ()
UnityEngine.Material:GetTexture (string)
BatchGlbExport:ConvertExportMaterials () (at Assets/Editor/BatchGlbExport.cs:176)
BatchGlbExport:ExportSceneToGlb () (at Assets/Editor/BatchGlbExport.cs:78)

[Assets/Editor/BatchGlbExport.cs line 176]

Material 'Teleport_ColorRamp' with Shader 'Shader Graphs/ColorRamp' doesn't have a texture property '_MainTex'
UnityEngine.StackTraceUtility:ExtractStackTrace ()
UnityEngine.Material:GetTexture (string)
BatchGlbExport:ConvertExportMaterials () (at Assets/Editor/BatchGlbExport.cs:176)
BatchGlbExport:ExportSceneToGlb () (at Assets/Editor/BatchGlbExport.cs:78)

[Assets/Editor/BatchGlbExport.cs line 176]

Material 'Teleport_ColorRamp' with Shader 'Shader Graphs/ColorRamp' doesn't have a texture property '_Normal_Map'
UnityEngine.StackTraceUtility:ExtractStackTrace ()
UnityEngine.Material:GetTexture (string)
BatchGlbExport:ConvertExportMaterials () (at Assets/Editor/BatchGlbExport.cs:179)
BatchGlbExport:ExportSceneToGlb () (at Assets/Editor/BatchGlbExport.cs:78)

[Assets/Editor/BatchGlbExport.cs line 179]

Material 'Teleport_ColorRamp' with Shader 'Shader Graphs/ColorRamp' doesn't have a texture property '_BumpMap'
UnityEngine.StackTraceUtility:ExtractStackTrace ()
UnityEngine.Material:GetTexture (string)
BatchGlbExport:ConvertExportMaterials () (at Assets/Editor/BatchGlbExport.cs:179)
BatchGlbExport:ExportSceneToGlb () (at Assets/Editor/BatchGlbExport.cs:78)

[Assets/Editor/BatchGlbExport.cs line 179]

Material 'Teleport_ColorRamp' with Shader 'Shader Graphs/ColorRamp' doesn't have a texture property '_AO'
UnityEngine.StackTraceUtility:ExtractStackTrace ()
UnityEngine.Material:GetTexture (string)
BatchGlbExport:ConvertExportMaterials () (at Assets/Editor/BatchGlbExport.cs:181)
BatchGlbExport:ExportSceneToGlb () (at Assets/Editor/BatchGlbExport.cs:78)

[Assets/Editor/BatchGlbExport.cs line 181]

Material 'Teleport_ColorRamp' with Shader 'Shader Graphs/ColorRamp' doesn't have a texture property '_EmissionMap'
UnityEngine.StackTraceUtility:ExtractStackTrace ()
UnityEngine.Material:GetTexture (string)
BatchGlbExport:ConvertExportMaterials () (at Assets/Editor/BatchGlbExport.cs:182)
BatchGlbExport:ExportSceneToGlb () (at Assets/Editor/BatchGlbExport.cs:78)

[Assets/Editor/BatchGlbExport.cs line 182]

Material 'Teleport_ColorRamp' with Shader 'Shader Graphs/ColorRamp' doesn't have a texture property '_Emission'
UnityEngine.StackTraceUtility:ExtractStackTrace ()
UnityEngine.Material:GetTexture (string)
BatchGlbExport:ConvertExportMaterials () (at Assets/Editor/BatchGlbExport.cs:182)
BatchGlbExport:ExportSceneToGlb () (at Assets/Editor/BatchGlbExport.cs:78)

[Assets/Editor/BatchGlbExport.cs line 182]

Material 'Teleport_ColorRamp' with Shader 'Shader Graphs/ColorRamp' doesn't have a texture property '_EmissionMap'
UnityEngine.StackTraceUtility:ExtractStackTrace ()
UnityEngine.Material:GetTexture (string)
BatchGlbExport:ConvertExportMaterials () (at Assets/Editor/BatchGlbExport.cs:241)
BatchGlbExport:ExportSceneToGlb () (at Assets/Editor/BatchGlbExport.cs:78)

[Assets/Editor/BatchGlbExport.cs line 241]

Material 'Teleport_ColorRamp' with Shader 'Shader Graphs/ColorRamp' doesn't have a texture property '_BaseMap'
UnityEngine.StackTraceUtility:ExtractStackTrace ()
UnityEngine.Material:GetTexture (string)
BatchGlbExport:ConvertExportMaterials () (at Assets/Editor/BatchGlbExport.cs:176)
BatchGlbExport:ExportSceneToGlb () (at Assets/Editor/BatchGlbExport.cs:78)

[Assets/Editor/BatchGlbExport.cs line 176]

Material 'Teleport_ColorRamp' with Shader 'Shader Graphs/ColorRamp' doesn't have a texture property '_Diffuse'
UnityEngine.StackTraceUtility:ExtractStackTrace ()
UnityEngine.Material:GetTexture (string)
BatchGlbExport:ConvertExportMaterials () (at Assets/Editor/BatchGlbExport.cs:176)
BatchGlbExport:ExportSceneToGlb () (at Assets/Editor/BatchGlbExport.cs:78)

[Assets/Editor/BatchGlbExport.cs line 176]

Material 'Teleport_ColorRamp' with Shader 'Shader Graphs/ColorRamp' doesn't have a texture property '_MainTex'
UnityEngine.StackTraceUtility:ExtractStackTrace ()
UnityEngine.Material:GetTexture (string)
BatchGlbExport:ConvertExportMaterials () (at Assets/Editor/BatchGlbExport.cs:176)
BatchGlbExport:ExportSceneToGlb () (at Assets/Editor/BatchGlbExport.cs:78)

[Assets/Editor/BatchGlbExport.cs line 176]

Material 'Teleport_ColorRamp' with Shader 'Shader Graphs/ColorRamp' doesn't have a texture property '_Normal_Map'
UnityEngine.StackTraceUtility:ExtractStackTrace ()
UnityEngine.Material:GetTexture (string)
BatchGlbExport:ConvertExportMaterials () (at Assets/Editor/BatchGlbExport.cs:179)
BatchGlbExport:ExportSceneToGlb () (at Assets/Editor/BatchGlbExport.cs:78)

[Assets/Editor/BatchGlbExport.cs line 179]

Material 'Teleport_ColorRamp' with Shader 'Shader Graphs/ColorRamp' doesn't have a texture property '_BumpMap'
UnityEngine.StackTraceUtility:ExtractStackTrace ()
UnityEngine.Material:GetTexture (string)
BatchGlbExport:ConvertExportMaterials () (at Assets/Editor/BatchGlbExport.cs:179)
BatchGlbExport:ExportSceneToGlb () (at Assets/Editor/BatchGlbExport.cs:78)

[Assets/Editor/BatchGlbExport.cs line 179]

Material 'Teleport_ColorRamp' with Shader 'Shader Graphs/ColorRamp' doesn't have a texture property '_AO'
UnityEngine.StackTraceUtility:ExtractStackTrace ()
UnityEngine.Material:GetTexture (string)
BatchGlbExport:ConvertExportMaterials () (at Assets/Editor/BatchGlbExport.cs:181)
BatchGlbExport:ExportSceneToGlb () (at Assets/Editor/BatchGlbExport.cs:78)

[Assets/Editor/BatchGlbExport.cs line 181]

Material 'Teleport_ColorRamp' with Shader 'Shader Graphs/ColorRamp' doesn't have a texture property '_EmissionMap'
UnityEngine.StackTraceUtility:ExtractStackTrace ()
UnityEngine.Material:GetTexture (string)
BatchGlbExport:ConvertExportMaterials () (at Assets/Editor/BatchGlbExport.cs:182)
BatchGlbExport:ExportSceneToGlb () (at Assets/Editor/BatchGlbExport.cs:78)

[Assets/Editor/BatchGlbExport.cs line 182]

Material 'Teleport_ColorRamp' with Shader 'Shader Graphs/ColorRamp' doesn't have a texture property '_Emission'
UnityEngine.StackTraceUtility:ExtractStackTrace ()
UnityEngine.Material:GetTexture (string)
BatchGlbExport:ConvertExportMaterials () (at Assets/Editor/BatchGlbExport.cs:182)
BatchGlbExport:ExportSceneToGlb () (at Assets/Editor/BatchGlbExport.cs:78)

[Assets/Editor/BatchGlbExport.cs line 182]

Material 'Teleport_ColorRamp' with Shader 'Shader Graphs/ColorRamp' doesn't have a texture property '_EmissionMap'
UnityEngine.StackTraceUtility:ExtractStackTrace ()
UnityEngine.Material:GetTexture (string)
BatchGlbExport:ConvertExportMaterials () (at Assets/Editor/BatchGlbExport.cs:241)
BatchGlbExport:ExportSceneToGlb () (at Assets/Editor/BatchGlbExport.cs:78)

[Assets/Editor/BatchGlbExport.cs line 241]

Material 'wood' with Shader 'Shader Graphs/Lightmapped' doesn't have a texture property '_Emission'
UnityEngine.StackTraceUtility:ExtractStackTrace ()
UnityEngine.Material:GetTexture (string)
BatchGlbExport:ConvertExportMaterials () (at Assets/Editor/BatchGlbExport.cs:182)
BatchGlbExport:ExportSceneToGlb () (at Assets/Editor/BatchGlbExport.cs:78)

[Assets/Editor/BatchGlbExport.cs line 182]

Material 'carpet' with Shader 'Shader Graphs/Lightmapped' doesn't have a texture property '_Emission'
UnityEngine.StackTraceUtility:ExtractStackTrace ()
UnityEngine.Material:GetTexture (string)
BatchGlbExport:ConvertExportMaterials () (at Assets/Editor/BatchGlbExport.cs:182)
BatchGlbExport:ExportSceneToGlb () (at Assets/Editor/BatchGlbExport.cs:78)

[Assets/Editor/BatchGlbExport.cs line 182]

Material 'fabrick' with Shader 'Shader Graphs/Lightmapped' doesn't have a texture property '_Emission'
UnityEngine.StackTraceUtility:ExtractStackTrace ()
UnityEngine.Material:GetTexture (string)
BatchGlbExport:ConvertExportMaterials () (at Assets/Editor/BatchGlbExport.cs:182)
BatchGlbExport:ExportSceneToGlb () (at Assets/Editor/BatchGlbExport.cs:78)

[Assets/Editor/BatchGlbExport.cs line 182]

ArgumentNullException: Value cannot be null.
Parameter name: camera
  at (wrapper managed-to-native) UnityEngine.ParticleSystemRenderer.BakeMesh(UnityEngine.ParticleSystemRenderer,UnityEngine.Mesh,UnityEngine.Camera,bool)
  at UnityGLTF.Plugins.BakeParticleSystemContext.BeforeNodeExport (UnityGLTF.GLTFSceneExporter exporter, GLTF.Schema.GLTFRoot gltfRoot, UnityEngine.Transform transform, GLTF.Schema.Node node) [0x00064] in D:\Repository\_SenseCapital\SenseTowerVR\Library\PackageCache\org.khronos.unitygltf@dbd863412a\Runtime\Scripts\Plugins\Experimental\BakeParticleSystem.cs:41 
  at UnityGLTF.GLTFSceneExporter.ExportNode (UnityEngine.Transform nodeTransform) [0x00088] in D:\Repository\_SenseCapital\SenseTowerVR\Library\PackageCache\org.khronos.unitygltf@dbd863412a\Runtime\Scripts\GLTFSceneExporter.cs:1036 
  at UnityGLTF.GLTFSceneExporter.ExportNode (UnityEngine.Transform nodeTransform) [0x004a9] in D:\Repository\_SenseCapital\SenseTowerVR\Library\PackageCache\org.khronos.unitygltf@dbd863412a\Runtime\Scripts\GLTFSceneExporter.cs:1161 
  at UnityGLTF.GLTFSceneExporter.ExportNode (UnityEngine.Transform nodeTransform) [0x004a9] in D:\Repository\_SenseCapital\SenseTowerVR\Library\PackageCache\org.khronos.unitygltf@dbd863412a\Runtime\Scripts\GLTFSceneExporter.cs:1161 
  at UnityGLTF.GLTFSceneExporter.ExportScene (System.String name, UnityEngine.Transform[] rootObjTransforms) [0x000b2] in D:\Repository\_SenseCapital\SenseTowerVR\Library\PackageCache\org.khronos.unitygltf@dbd863412a\Runtime\Scripts\GLTFSceneExporter.cs:1002 
  at UnityGLTF.GLTFSceneExporter.SaveGLBToStream (System.IO.Stream stream, System.String sceneName) [0x000ac] in D:\Repository\_SenseCapital\SenseTowerVR\Library\PackageCache\org.khronos.unitygltf@dbd863412a\Runtime\Scripts\GLTFSceneExporter.cs:728 
  at UnityGLTF.GLTFSceneExporter.SaveGLB (System.String path, System.String fileName) [0x0003f] in D:\Repository\_SenseCapital\SenseTowerVR\Library\PackageCache\org.khronos.unitygltf@dbd863412a\Runtime\Scripts\GLTFSceneExporter.cs:679 
  at BatchGlbExport.ExportSceneToGlb () [0x0009d] in D:\Repository\_SenseCapital\SenseTowerVR\Assets\Editor\BatchGlbExport.cs:87 

(Filename: Library/PackageCache/org.khronos.unitygltf@dbd863412a/Runtime/Scripts/GLTFSceneExporter.cs Line: 728)

executeMethod method BatchGlbExport.ExportSceneToGlb threw exception.
Exiting without the bug reporter. Application will terminate with return code 1